[19:27:44] [main/INFO]: Setting user: Player921
[19:27:45] [Client thread/INFO]: LWJGL Version: 2.9.1
[19:27:52] [Client thread/INFO]: Reloading ResourceManager: Default, FMLFileResourcePack:Forge Mod Loader, FMLFileResourcePack:Minecraft Forge, FMLFileResourcePack:Concrete Mod
[19:27:53] [Sound Library Loader/INFO]: Sound engine started
[19:27:56] [Client thread/INFO]: Created: 16x16 textures/blocks-atlas
[19:27:56] [Client thread/INFO]: Created: 16x16 textures/items-atlas
[19:27:56] [Client thread/INFO]: Reloading ResourceManager: Default, FMLFileResourcePack:Forge Mod Loader, FMLFileResourcePack:Minecraft Forge, FMLFileResourcePack:Concrete Mod
[19:27:57] [Client thread/INFO]: Created: 512x256 textures/blocks-atlas
[19:27:57] [Client thread/INFO]: Created: 256x256 textures/items-atlas
[19:27:58] [Sound Library Loader/INFO]: Sound engine started
[19:38:42] [Server thread/INFO]: Starting integrated minecraft server version 1.7.10
[19:38:42] [Server thread/INFO]: Generating keypair
[19:38:42] [Server thread/INFO]: Preparing start region for level 0
[19:38:43] [Server thread/INFO]: Changing view distance to 12, from 10
[19:38:44] [Server thread/INFO]: Player921[local:E:2cb6b0ff] logged in with entity id 244 at (209.30000001192093, 73.0, 260.4260201891778)
[19:38:44] [Server thread/INFO]: Player921 joined the game
[19:38:51] [Server thread/INFO]: Player921 has just earned the achievement [Taking Inventory]
[19:38:51] [Client thread/INFO]: [CHAT] Player921 has just earned the achievement [Taking Inventory]
[19:38:58] [Server thread/INFO]: Saving and pausing game...
[19:38:58] [Server thread/INFO]: Saving chunks for level 'New World'/Overworld
[19:38:58] [Server thread/INFO]: Saving chunks for level 'New World'/Nether
[19:38:58] [Server thread/INFO]: Saving chunks for level 'New World'/The End
[19:38:59] [Server thread/INFO]: Stopping server
[19:38:59] [Server thread/INFO]: Saving players
[19:38:59] [Server thread/INFO]: Saving worlds
[19:38:59] [Server thread/INFO]: Saving chunks for level 'New World'/Overworld
[19:38:59] [Server thread/INFO]: Saving chunks for level 'New World'/Nether
[19:38:59] [Server thread/INFO]: Saving chunks for level 'New World'/The End
[19:39:04] [Client thread/INFO]: Stopping!
